e:\工程\二叉树\二叉树\debug\vc120.pdb
e:\工程\二叉树\二叉树\debug\vc120.idb
e:\工程\二叉树\二叉树\debug\binarytree.obj
e:\工程\二叉树\二叉树\debug\main.obj
e:\工程\二叉树\debug\二叉树.pdb
e:\工程\二叉树\二叉树\debug\二叉树.tlog\cl.command.1.tlog
e:\工程\二叉树\二叉树\debug\二叉树.tlog\cl.read.1.tlog
e:\工程\二叉树\二叉树\debug\二叉树.tlog\cl.write.1.tlog
e:\工程\二叉树\二叉树\debug\二叉树.tlog\link-cvtres.read.1.tlog
e:\工程\二叉树\二叉树\debug\二叉树.tlog\link-cvtres.write.1.tlog
e:\工程\二叉树\二叉树\debug\二叉树.tlog\link-rc.read.1.tlog
e:\工程\二叉树\二叉树\debug\二叉树.tlog\link-rc.write.1.tlog
e:\工程\二叉树\二叉树\debug\二叉树.tlog\link.8792-cvtres.read.1.tlog
e:\工程\二叉树\二叉树\debug\二叉树.tlog\link.8792-cvtres.write.1.tlog
e:\工程\二叉树\二叉树\debug\二叉树.tlog\link.8792-rc.read.1.tlog
e:\工程\二叉树\二叉树\debug\二叉树.tlog\link.8792-rc.write.1.tlog
e:\工程\二叉树\二叉树\debug\二叉树.tlog\link.8792.read.1.tlog
e:\工程\二叉树\二叉树\debug\二叉树.tlog\link.8792.write.1.tlog
e:\工程\二叉树\二叉树\debug\二叉树.tlog\link.command.1.tlog
e:\工程\二叉树\二叉树\debug\二叉树.tlog\link.read.1.tlog
e:\工程\二叉树\二叉树\debug\二叉树.tlog\link.write.1.tlog
